\BOOKMARK [1][-]{section.1}{\376\377\000F\000i\000b\000n\000a\000c\000c\000i\000\040\000P\000r\000o\000b\000l\000e\000m}{}% 1
\BOOKMARK [2][-]{subsection.1.1}{\376\377\000P\000r\000o\000b\000l\000e\000m\000\040\000D\000e\000s\000c\000r\000i\000p\000t\000i\000o\000n}{section.1}% 2
\BOOKMARK [2][-]{subsection.1.2}{\376\377\000S\000o\000l\000u\000t\000i\000o\000n}{section.1}% 3
\BOOKMARK [3][-]{subsubsection.1.2.1}{\376\377\000N\000a\000i\000v\000e\000\040\000C\000a\000s\000e\000\040\000a\000n\000d\000\040\000T\000i\000m\000e\000\040\000C\000o\000m\000p\000l\000e\000x\000i\000t\000y}{subsection.1.2}% 4
\BOOKMARK [3][-]{subsubsection.1.2.2}{\376\377\000D\000y\000n\000a\000m\000i\000c\000\040\000P\000r\000o\000g\000r\000a\000m\000m\000i\000n\000g\000\040\000a\000n\000d\000\040\000B\000i\000g\000\040\000N\000u\000m\000b\000e\000r\000\040\000A\000d\000d\000i\000t\000i\000o\000n}{subsection.1.2}% 5
\BOOKMARK [3][-]{subsubsection.1.2.3}{\376\377\000M\000a\000t\000r\000i\000x\000\040\000M\000u\000l\000t\000i\000p\000l\000i\000c\000a\000t\000i\000o\000n\000\040\000a\000n\000d\000\040\000F\000a\000s\000t\000\040\000P\000o\000w\000e\000r\000\040\000A\000l\000g\000o\000r\000i\000t\000h\000m}{subsection.1.2}% 6
\BOOKMARK [1][-]{section.2}{\376\377\000D\000i\000v\000i\000d\000e\000\040\000a\000n\000d\000\040\000C\000o\000n\000q\000u\000e\000r}{}% 7
\BOOKMARK [2][-]{subsection.2.1}{\376\377\000M\000u\000l\000t\000i\000p\000l\000i\000c\000a\000t\000i\000o\000n}{section.2}% 8
\BOOKMARK [3][-]{subsubsection.2.1.1}{\376\377\000P\000r\000o\000b\000l\000e\000m\000\040\000D\000e\000s\000c\000r\000i\000p\000t\000i\000o\000n}{subsection.2.1}% 9
\BOOKMARK [3][-]{subsubsection.2.1.2}{\376\377\000K\000a\000r\000a\000t\000s\000u\000b\000a\000\040\000a\000l\000g\000o\000r\000i\000t\000h\000m}{subsection.2.1}% 10
\BOOKMARK [2][-]{subsection.2.2}{\376\377\000S\000o\000r\000t\000i\000n\000g\000\040\000P\000r\000o\000b\000l\000e\000m}{section.2}% 11
\BOOKMARK [3][-]{subsubsection.2.2.1}{\376\377\000T\000i\000m\000e\000\040\000c\000o\000m\000p\000l\000e\000x\000i\000t\000y}{subsection.2.2}% 12
\BOOKMARK [2][-]{subsection.2.3}{\376\377\000I\000n\000v\000e\000r\000s\000i\000o\000n\000s}{section.2}% 13
\BOOKMARK [2][-]{subsection.2.4}{\376\377\000M\000a\000s\000t\000e\000r\000\040\000T\000h\000e\000o\000r\000e\000m}{section.2}% 14
\BOOKMARK [2][-]{subsection.2.5}{\376\377\000S\000e\000l\000e\000c\000t\000i\000o\000n}{section.2}% 15
\BOOKMARK [3][-]{subsubsection.2.5.1}{\376\377\000T\000i\000m\000e\000\040\000C\000o\000m\000p\000l\000e\000x\000i\000t\000y}{subsection.2.5}% 16
\BOOKMARK [3][-]{subsubsection.2.5.2}{\376\377\000M\000e\000d\000i\000a\000n\000\040\000o\000f\000\040\000t\000h\000e\000\040\000m\000e\000d\000i\000a\000n\000s\000\050\0001\0009\0007\0003\000\051}{subsection.2.5}% 17
\BOOKMARK [2][-]{subsection.2.6}{\376\377\000C\000l\000o\000s\000t\000e\000s\000t\000\040\000P\000a\000i\000r}{section.2}% 18
\BOOKMARK [2][-]{subsection.2.7}{\376\377\000F\000a\000s\000t\000\040\000F\000o\000u\000r\000i\000e\000r\000\040\000T\000r\000a\000n\000s\000f\000o\000r\000m\000\040\000a\000n\000d\000\040\000P\000o\000l\000y\000n\000o\000m\000i\000a\000l\000\040\000M\000u\000l\000t\000i\000p\000l\000i\000c\000a\000t\000i\000o\000n}{section.2}% 19
\BOOKMARK [1][-]{section.3}{\376\377\000G\000r\000a\000p\000h}{}% 20
\BOOKMARK [2][-]{subsection.3.1}{\376\377\000D\000e\000p\000t\000h\000\040\000F\000i\000r\000s\000t\000\040\000S\000e\000a\000r\000c\000h}{section.3}% 21
\BOOKMARK [3][-]{subsubsection.3.1.1}{\376\377\000E\000x\000i\000s\000t\000e\000n\000c\000e\000\040\000o\000f\000\040\000c\000y\000c\000l\000e\000s}{subsection.3.1}% 22
\BOOKMARK [3][-]{subsubsection.3.1.2}{\376\377\000A\000p\000p\000l\000i\000c\000a\000t\000i\000o\000n\000:\000\040\000T\000o\000p\000o\000l\000o\000g\000i\000c\000a\000l\000\040\000O\000r\000d\000e\000r\000i\000n\000g}{subsection.3.1}% 23
\BOOKMARK [3][-]{subsubsection.3.1.3}{\376\377\000S\000t\000r\000o\000n\000g\000l\000y\000\040\000C\000o\000n\000n\000e\000c\000t\000e\000d\000\040\000C\000o\000m\000p\000o\000n\000e\000n\000t\000s\000\040\000f\000o\000r\000\040\000D\000i\000r\000e\000c\000t\000e\000d\000\040\000G\000r\000a\000p\000h}{subsection.3.1}% 24
\BOOKMARK [2][-]{subsection.3.2}{\376\377\000B\000r\000e\000a\000d\000t\000h\000\040\000F\000i\000r\000s\000t\000\040\000S\000e\000a\000r\000c\000h}{section.3}% 25
\BOOKMARK [3][-]{subsubsection.3.2.1}{\376\377\000U\000n\000w\000e\000i\000g\000h\000e\000d\000\040\000S\000h\000o\000r\000t\000e\000s\000t\000\040\000P\000a\000t\000h\000\040\000i\000n\000\040\000U\000n\000d\000i\000r\000e\000c\000t\000e\000d\000\040\000G\000r\000a\000p\000h}{subsection.3.2}% 26
\BOOKMARK [3][-]{subsubsection.3.2.2}{\376\377\000D\000i\000j\000k\000s\000t\000r\000a\000:\000\040\000S\000P\000.\000\040\000w\000i\000t\000h\000\040\000p\000o\000s\000i\000t\000i\000v\000e\000\040\000w\000e\000i\000g\000h\000t}{subsection.3.2}% 27
\BOOKMARK [3][-]{subsubsection.3.2.3}{\376\377\000B\000e\000l\000l\000m\000a\000n\000-\000F\000o\000r\000d\000:\000\040\000s\000h\000o\000r\000t\000e\000s\000t\000\040\000p\000a\000t\000h\000\040\000w\000i\000t\000h\000\040\000n\000e\000g\000a\000t\000i\000v\000e\000\040\000w\000e\000i\000g\000h\000t}{subsection.3.2}% 28
\BOOKMARK [1][-]{section.4}{\376\377\000G\000r\000e\000e\000d\000y\000\040\000A\000l\000g\000o\000r\000i\000t\000h\000m}{}% 29
\BOOKMARK [2][-]{subsection.4.1}{\376\377\000P\000r\000i\000m\000\040\000a\000n\000d\000\040\000K\000r\000u\000s\000k\000a\000l\000:\000\040\000M\000i\000n\000i\000m\000u\000m\000\040\000s\000p\000a\000n\000n\000i\000n\000g\000\040\000t\000r\000e\000e}{section.4}% 30
\BOOKMARK [3][-]{subsubsection.4.1.1}{\376\377\000P\000r\000i\000m\000'\000s\000\040\000A\000l\000g\000o\000r\000i\000t\000h\000m}{subsection.4.1}% 31
\BOOKMARK [3][-]{subsubsection.4.1.2}{\376\377\000K\000r\000u\000s\000k\000a\000l\000'\000s\000\040\000A\000l\000g\000o\000r\000i\000t\000h\000m}{subsection.4.1}% 32
\BOOKMARK [3][-]{subsubsection.4.1.3}{\376\377\000u\000n\000i\000f\000i\000e\000d\000\040\000s\000e\000t}{subsection.4.1}% 33
\BOOKMARK [2][-]{subsection.4.2}{\376\377\000S\000e\000t\000\040\000C\000o\000v\000e\000r\000a\000g\000e}{section.4}% 34
\BOOKMARK [2][-]{subsection.4.3}{\376\377\000H\000u\000f\000f\000m\000a\000n\000\040\000C\000o\000d\000i\000n\000g}{section.4}% 35
\BOOKMARK [3][-]{subsubsection.4.3.1}{\376\377\000K\000-\000C\000e\000n\000t\000e\000r\000s}{subsection.4.3}% 36
\BOOKMARK [3][-]{subsubsection.4.3.2}{\376\377\000l\000o\000c\000a\000l\000\040\000s\000e\000a\000r\000c\000h\000:\000\040\000m\000a\000x\000-\000c\000u\000t}{subsection.4.3}% 37
\BOOKMARK [1][-]{section.5}{\376\377\000D\000y\000n\000a\000m\000i\000c\000\040\000P\000r\000o\000g\000r\000a\000m\000m\000i\000n\000g}{}% 38
\BOOKMARK [2][-]{subsection.5.1}{\376\377\000L\000o\000n\000g\000e\000s\000t\000\040\000I\000n\000c\000r\000e\000a\000s\000i\000n\000g\000\040\000S\000u\000b\000s\000e\000q\000u\000e\000n\000c\000e}{section.5}% 39
\BOOKMARK [2][-]{subsection.5.2}{\376\377\000E\000d\000i\000t\000\040\000D\000i\000s\000t\000a\000n\000c\000e}{section.5}% 40
\BOOKMARK [2][-]{subsection.5.3}{\376\377\000N\000n\000a\000p\000s\000a\000c\000k\000\040\000P\000r\000o\000b\000l\000e\000m}{section.5}% 41
